<?xml version="1.0" encoding="UTF-8"?>
<!-- Generated by org.testng.reporters.JUnitReportReporter -->
<testsuite skipped="0" hostname="Musas-MacBook-Pro.local" name="com.dice.step_definations.DiceTestNG" tests="1" failures="0" timestamp="07 Dec 2017 05:06:36 GMT" time="6.838" errors="0">
  <testcase name="loginTest" time="6.838" classname="com.dice.step_definations.DiceTestNG"/>
</testsuite> <!-- com.dice.step_definations.DiceTestNG -->
